<?xml version="1.0" encoding="UTF-8"?>
<!-- Generated by org.testng.reporters.JUnitXMLReporter -->
<testsuite ignored="10" hostname="welcome-PC" failures="0" tests="5" name="Test" time="0.067" errors="0" timestamp="2021-03-25T20:10:03 IST">
  <testcase classname="com.practice.tests.AllTests" name="cred" time="0.012"/>
  <testcase classname="com.practice.tests.AllTests" name="login" time="0.009"/>
  <testcase classname="com.practice.tests.AllTests" name="studDetails" time="0.009"/>
  <testcase classname="com.practice.tests.AllTests" name="marks" time="0.013"/>
  <testcase classname="com.practice.tests.AllTests" name="login" time="0.004"/>
  <testcase classname="com.practice.tests.AllTests" name="homeLoan" time="0.0">
    <ignored/>
  </testcase> <!-- homeLoan -->
  <testcase classname="com.practice.tests.AllTests" name="course2" time="0.0">
    <ignored/>
  </testcase> <!-- course2 -->
  <testcase classname="com.practice.tests.AllTests" name="valid" time="0.0">
    <ignored/>
  </testcase> <!-- valid -->
  <testcase classname="com.practice.tests.AllTests" name="eduLoan" time="0.0">
    <ignored/>
  </testcase> <!-- eduLoan -->
  <testcase classname="com.practice.tests.AllTests" name="verify" time="0.0">
    <ignored/>
  </testcase> <!-- verify -->
  <testcase classname="com.practice.tests.AllTests" name="course" time="0.0">
    <ignored/>
  </testcase> <!-- course -->
  <testcase classname="com.practice.tests.AllTests" name="carNo" time="0.0">
    <ignored/>
  </testcase> <!-- carNo -->
  <testcase classname="com.practice.tests.AllTests" name="carLoan" time="0.0">
    <ignored/>
  </testcase> <!-- carLoan -->
  <testcase classname="com.practice.tests.AllTests" name="sysLoan" time="0.0">
    <ignored/>
  </testcase> <!-- sysLoan -->
  <testcase classname="com.practice.tests.AllTests" name="movie" time="0.0">
    <ignored/>
  </testcase> <!-- movie -->
</testsuite> <!-- Test -->
