<?xml version="1.0" encoding="UTF-8"?>
<testng-results ignored="2" total="17" passed="14" failed="1" skipped="0">
  <reporter-output>
  </reporter-output>
  <suite started-at="2021-03-26T10:11:45 IST" name="Default suite" finished-at="2021-03-26T10:11:46 IST" duration-ms="205">
    <groups>
      <group name="loan">
        <method signature="AllTests.carLoan()[pri:0, instance:com.practice.tests.AllTests@152aa092]" name="carLoan" class="com.practice.tests.AllTests"/>
        <method signature="AllTests.sysLoan()[pri:0, instance:com.practice.tests.AllTests@152aa092]" name="sysLoan" class="com.practice.tests.AllTests"/>
      </group> <!-- loan -->
      <group name="school">
        <method signature="AllTests.marks()[pri:0, instance:com.practice.tests.AllTests@152aa092]" name="marks" class="com.practice.tests.AllTests"/>
        <method signature="AllTests.studDetails()[pri:-1, instance:com.practice.tests.AllTests@152aa092]" name="studDetails" class="com.practice.tests.AllTests"/>
      </group> <!-- school -->
      <group name="credentials">
        <method signature="AllTests.cred()[pri:0, instance:com.practice.tests.AllTests@152aa092]" name="cred" class="com.practice.tests.AllTests"/>
        <method signature="AllTests.login(java.lang.String, java.lang.String)[pri:0, instance:com.practice.tests.AllTests@152aa092]" name="login" class="com.practice.tests.AllTests"/>
      </group> <!-- credentials -->
    </groups>
    <test started-at="2021-03-26T10:11:45 IST" name="Default test" finished-at="2021-03-26T10:11:46 IST" duration-ms="205">
      <class name="com.practice.tests.AllTests">
        <test-method is-config="true" signature="propset()[pri:0, instance:com.practice.tests.AllTests@152aa092]" started-at="2021-03-26T10:11:45 IST" name="propset" finished-at="2021-03-26T10:11:45 IST" duration-ms="11" status="PASS">
          <reporter-output>
          </reporter-output>
        </test-method> <!-- propset -->
        <test-method is-config="true" signature="launchbrowser()[pri:0, instance:com.practice.tests.AllTests@152aa092]" started-at="2021-03-26T10:11:45 IST" name="launchbrowser" finished-at="2021-03-26T10:11:45 IST" duration-ms="1" status="PASS">
          <reporter-output>
          </reporter-output>
        </test-method> <!-- launchbrowser -->
        <test-method is-config="true" signature="url()[pri:0, instance:com.practice.tests.AllTests@152aa092]" started-at="2021-03-26T10:11:45 IST" name="url" finished-at="2021-03-26T10:11:45 IST" duration-ms="0" status="PASS">
          <reporter-output>
          </reporter-output>
        </test-method> <!-- url -->
        <test-method is-config="true" signature="login()[pri:0, instance:com.practice.tests.AllTests@152aa092]" started-at="2021-03-26T10:11:45 IST" name="login" finished-at="2021-03-26T10:11:45 IST" duration-ms="1" status="PASS">
          <reporter-output>
          </reporter-output>
        </test-method> <!-- login -->
        <test-method signature="studDetails()[pri:-1, instance:com.practice.tests.AllTests@152aa092]" started-at="2021-03-26T10:11:45 IST" name="studDetails" finished-at="2021-03-26T10:11:45 IST" duration-ms="8" status="PASS">
          <reporter-output>
          </reporter-output>
        </test-method> <!-- studDetails -->
        <test-method is-config="true" signature="logout()[pri:0, instance:com.practice.tests.AllTests@152aa092]" started-at="2021-03-26T10:11:45 IST" name="logout" finished-at="2021-03-26T10:11:45 IST" duration-ms="1" status="PASS">
          <reporter-output>
          </reporter-output>
        </test-method> <!-- logout -->
        <test-method is-config="true" signature="login()[pri:0, instance:com.practice.tests.AllTests@152aa092]" started-at="2021-03-26T10:11:45 IST" name="login" finished-at="2021-03-26T10:11:45 IST" duration-ms="1" status="PASS">
          <reporter-output>
          </reporter-output>
        </test-method> <!-- login -->
        <test-method signature="carLoan()[pri:0, instance:com.practice.tests.AllTests@152aa092]" started-at="2021-03-26T10:11:45 IST" name="carLoan" finished-at="2021-03-26T10:11:45 IST" duration-ms="2" status="PASS">
          <reporter-output>
          </reporter-output>
        </test-method> <!-- carLoan -->
        <test-method is-config="true" signature="logout()[pri:0, instance:com.practice.tests.AllTests@152aa092]" started-at="2021-03-26T10:11:45 IST" name="logout" finished-at="2021-03-26T10:11:45 IST" duration-ms="0" status="PASS">
          <reporter-output>
          </reporter-output>
        </test-method> <!-- logout -->
        <test-method is-config="true" signature="login()[pri:0, instance:com.practice.tests.AllTests@152aa092]" started-at="2021-03-26T10:11:45 IST" name="login" finished-at="2021-03-26T10:11:45 IST" duration-ms="1" status="PASS">
          <reporter-output>
          </reporter-output>
        </test-method> <!-- login -->
        <test-method signature="carNo(int)[pri:0, instance:com.practice.tests.AllTests@152aa092]" started-at="2021-03-26T10:11:45 IST" name="carNo" finished-at="2021-03-26T10:11:45 IST" duration-ms="1" status="PASS">
          <params>
            <param index="0">
              <value>
                <![CDATA[143]]>
              </value>
            </param>
          </params>
          <reporter-output>
          </reporter-output>
        </test-method> <!-- carNo -->
        <test-method is-config="true" signature="logout()[pri:0, instance:com.practice.tests.AllTests@152aa092]" started-at="2021-03-26T10:11:45 IST" name="logout" finished-at="2021-03-26T10:11:45 IST" duration-ms="1" status="PASS">
          <reporter-output>
          </reporter-output>
        </test-method> <!-- logout -->
        <test-method is-config="true" signature="login()[pri:0, instance:com.practice.tests.AllTests@152aa092]" started-at="2021-03-26T10:11:45 IST" name="login" finished-at="2021-03-26T10:11:45 IST" duration-ms="0" status="PASS">
          <reporter-output>
          </reporter-output>
        </test-method> <!-- login -->
        <test-method signature="course()[pri:0, instance:com.practice.tests.AllTests@152aa092]" started-at="2021-03-26T10:11:45 IST" name="course" finished-at="2021-03-26T10:11:45 IST" duration-ms="3" status="PASS">
          <reporter-output>
          </reporter-output>
        </test-method> <!-- course -->
        <test-method is-config="true" signature="logout()[pri:0, instance:com.practice.tests.AllTests@152aa092]" started-at="2021-03-26T10:11:45 IST" name="logout" finished-at="2021-03-26T10:11:45 IST" duration-ms="0" status="PASS">
          <reporter-output>
          </reporter-output>
        </test-method> <!-- logout -->
        <test-method is-config="true" signature="login()[pri:0, instance:com.practice.tests.AllTests@152aa092]" started-at="2021-03-26T10:11:45 IST" name="login" finished-at="2021-03-26T10:11:45 IST" duration-ms="1" status="PASS">
          <reporter-output>
          </reporter-output>
        </test-method> <!-- login -->
        <test-method signature="course()[pri:0, instance:com.practice.tests.AllTests@152aa092]" started-at="2021-03-26T10:11:45 IST" name="course" finished-at="2021-03-26T10:11:45 IST" duration-ms="3" status="PASS">
          <reporter-output>
          </reporter-output>
        </test-method> <!-- course -->
        <test-method is-config="true" signature="logout()[pri:0, instance:com.practice.tests.AllTests@152aa092]" started-at="2021-03-26T10:11:45 IST" name="logout" finished-at="2021-03-26T10:11:45 IST" duration-ms="1" status="PASS">
          <reporter-output>
          </reporter-output>
        </test-method> <!-- logout -->
        <test-method is-config="true" signature="login()[pri:0, instance:com.practice.tests.AllTests@152aa092]" started-at="2021-03-26T10:11:45 IST" name="login" finished-at="2021-03-26T10:11:45 IST" duration-ms="1" status="PASS">
          <reporter-output>
          </reporter-output>
        </test-method> <!-- login -->
        <test-method signature="course()[pri:0, instance:com.practice.tests.AllTests@152aa092]" started-at="2021-03-26T10:11:45 IST" name="course" finished-at="2021-03-26T10:11:45 IST" duration-ms="2" status="PASS">
          <reporter-output>
          </reporter-output>
        </test-method> <!-- course -->
        <test-method is-config="true" signature="logout()[pri:0, instance:com.practice.tests.AllTests@152aa092]" started-at="2021-03-26T10:11:45 IST" name="logout" finished-at="2021-03-26T10:11:45 IST" duration-ms="0" status="PASS">
          <reporter-output>
          </reporter-output>
        </test-method> <!-- logout -->
        <test-method is-config="true" signature="login()[pri:0, instance:com.practice.tests.AllTests@152aa092]" started-at="2021-03-26T10:11:45 IST" name="login" finished-at="2021-03-26T10:11:45 IST" duration-ms="0" status="PASS">
          <reporter-output>
          </reporter-output>
        </test-method> <!-- login -->
        <test-method signature="course2()[pri:0, instance:com.practice.tests.AllTests@152aa092]" started-at="2021-03-26T10:11:45 IST" name="course2" finished-at="2021-03-26T10:11:45 IST" duration-ms="2" status="PASS">
          <reporter-output>
          </reporter-output>
        </test-method> <!-- course2 -->
        <test-method is-config="true" signature="logout()[pri:0, instance:com.practice.tests.AllTests@152aa092]" started-at="2021-03-26T10:11:45 IST" name="logout" finished-at="2021-03-26T10:11:45 IST" duration-ms="1" status="PASS">
          <reporter-output>
          </reporter-output>
        </test-method> <!-- logout -->
        <test-method is-config="true" signature="login()[pri:0, instance:com.practice.tests.AllTests@152aa092]" started-at="2021-03-26T10:11:45 IST" name="login" finished-at="2021-03-26T10:11:45 IST" duration-ms="1" status="PASS">
          <reporter-output>
          </reporter-output>
        </test-method> <!-- login -->
        <test-method signature="cred()[pri:0, instance:com.practice.tests.AllTests@152aa092]" started-at="2021-03-26T10:11:45 IST" name="cred" finished-at="2021-03-26T10:11:45 IST" duration-ms="2" status="PASS">
          <reporter-output>
          </reporter-output>
        </test-method> <!-- cred -->
        <test-method is-config="true" signature="logout()[pri:0, instance:com.practice.tests.AllTests@152aa092]" started-at="2021-03-26T10:11:45 IST" name="logout" finished-at="2021-03-26T10:11:45 IST" duration-ms="1" status="PASS">
          <reporter-output>
          </reporter-output>
        </test-method> <!-- logout -->
        <test-method is-config="true" signature="login()[pri:0, instance:com.practice.tests.AllTests@152aa092]" started-at="2021-03-26T10:11:45 IST" name="login" finished-at="2021-03-26T10:11:45 IST" duration-ms="1" status="PASS">
          <reporter-output>
          </reporter-output>
        </test-method> <!-- login -->
        <test-method signature="login(java.lang.String, java.lang.String)[pri:0, instance:com.practice.tests.AllTests@152aa092]" started-at="2021-03-26T10:11:45 IST" name="login" data-provider="userdata" finished-at="2021-03-26T10:11:45 IST" duration-ms="2" status="PASS">
          <params>
            <param index="0">
              <value>
                <![CDATA[Jiya]]>
              </value>
            </param>
            <param index="1">
              <value>
                <![CDATA[abc123]]>
              </value>
            </param>
          </params>
          <reporter-output>
          </reporter-output>
        </test-method> <!-- login -->
        <test-method is-config="true" signature="logout()[pri:0, instance:com.practice.tests.AllTests@152aa092]" started-at="2021-03-26T10:11:45 IST" name="logout" finished-at="2021-03-26T10:11:45 IST" duration-ms="4" status="PASS">
          <reporter-output>
          </reporter-output>
        </test-method> <!-- logout -->
        <test-method is-config="true" signature="login()[pri:0, instance:com.practice.tests.AllTests@152aa092]" started-at="2021-03-26T10:11:45 IST" name="login" finished-at="2021-03-26T10:11:45 IST" duration-ms="0" status="PASS">
          <reporter-output>
          </reporter-output>
        </test-method> <!-- login -->
        <test-method signature="login(java.lang.String, java.lang.String)[pri:0, instance:com.practice.tests.AllTests@152aa092]" started-at="2021-03-26T10:11:45 IST" name="login" data-provider="userdata" finished-at="2021-03-26T10:11:45 IST" duration-ms="1" status="PASS">
          <params>
            <param index="0">
              <value>
                <![CDATA[Gaya3]]>
              </value>
            </param>
            <param index="1">
              <value>
                <![CDATA[abc456]]>
              </value>
            </param>
          </params>
          <reporter-output>
          </reporter-output>
        </test-method> <!-- login -->
        <test-method is-config="true" signature="logout()[pri:0, instance:com.practice.tests.AllTests@152aa092]" started-at="2021-03-26T10:11:45 IST" name="logout" finished-at="2021-03-26T10:11:45 IST" duration-ms="1" status="PASS">
          <reporter-output>
          </reporter-output>
        </test-method> <!-- logout -->
        <test-method signature="marks()[pri:0, instance:com.practice.tests.AllTests@152aa092]" started-at="2021-03-26T10:11:45 IST" name="marks" finished-at="2021-03-26T10:11:45 IST" duration-ms="2" status="PASS">
          <reporter-output>
          </reporter-output>
        </test-method> <!-- marks -->
        <test-method is-config="true" signature="login()[pri:0, instance:com.practice.tests.AllTests@152aa092]" started-at="2021-03-26T10:11:45 IST" name="login" finished-at="2021-03-26T10:11:45 IST" duration-ms="0" status="PASS">
          <reporter-output>
          </reporter-output>
        </test-method> <!-- login -->
        <test-method is-config="true" signature="logout()[pri:0, instance:com.practice.tests.AllTests@152aa092]" started-at="2021-03-26T10:11:45 IST" name="logout" finished-at="2021-03-26T10:11:45 IST" duration-ms="0" status="PASS">
          <reporter-output>
          </reporter-output>
        </test-method> <!-- logout -->
        <test-method is-config="true" signature="login()[pri:0, instance:com.practice.tests.AllTests@152aa092]" started-at="2021-03-26T10:11:45 IST" name="login" finished-at="2021-03-26T10:11:45 IST" duration-ms="0" status="PASS">
          <reporter-output>
          </reporter-output>
        </test-method> <!-- login -->
        <test-method signature="movie()[pri:0, instance:com.practice.tests.AllTests@152aa092]" started-at="2021-03-26T10:11:45 IST" name="movie" finished-at="2021-03-26T10:11:45 IST" duration-ms="1" status="PASS">
          <reporter-output>
          </reporter-output>
        </test-method> <!-- movie -->
        <test-method is-config="true" signature="logout()[pri:0, instance:com.practice.tests.AllTests@152aa092]" started-at="2021-03-26T10:11:45 IST" name="logout" finished-at="2021-03-26T10:11:45 IST" duration-ms="1" status="PASS">
          <reporter-output>
          </reporter-output>
        </test-method> <!-- logout -->
        <test-method is-config="true" signature="login()[pri:0, instance:com.practice.tests.AllTests@152aa092]" started-at="2021-03-26T10:11:45 IST" name="login" finished-at="2021-03-26T10:11:45 IST" duration-ms="1" status="PASS">
          <reporter-output>
          </reporter-output>
        </test-method> <!-- login -->
        <test-method signature="sysLoan()[pri:0, instance:com.practice.tests.AllTests@152aa092]" started-at="2021-03-26T10:11:45 IST" name="sysLoan" finished-at="2021-03-26T10:11:45 IST" duration-ms="1" status="PASS">
          <reporter-output>
          </reporter-output>
        </test-method> <!-- sysLoan -->
        <test-method is-config="true" signature="logout()[pri:0, instance:com.practice.tests.AllTests@152aa092]" started-at="2021-03-26T10:11:45 IST" name="logout" finished-at="2021-03-26T10:11:45 IST" duration-ms="0" status="PASS">
          <reporter-output>
          </reporter-output>
        </test-method> <!-- logout -->
        <test-method is-config="true" signature="login()[pri:0, instance:com.practice.tests.AllTests@152aa092]" started-at="2021-03-26T10:11:45 IST" name="login" finished-at="2021-03-26T10:11:45 IST" duration-ms="0" status="PASS">
          <reporter-output>
          </reporter-output>
        </test-method> <!-- login -->
        <test-method signature="valid()[pri:0, instance:com.practice.tests.AllTests@152aa092]" started-at="2021-03-26T10:11:45 IST" name="valid" finished-at="2021-03-26T10:11:46 IST" duration-ms="4" status="FAIL">
          <exception class="java.lang.AssertionError">
            <message>
              <![CDATA[expected [bc] but found [ab]]]>
            </message>
            <full-stacktrace>
              <![CDATA[java.lang.AssertionError: expected [bc] but found [ab]
at org.testng.Assert.fail(Assert.java:99)
at org.testng.Assert.failNotEquals(Assert.java:1037)
at org.testng.Assert.assertEqualsImpl(Assert.java:140)
at org.testng.Assert.assertEquals(Assert.java:122)
at org.testng.Assert.assertEquals(Assert.java:629)
at org.testng.Assert.assertEquals(Assert.java:639)
at com.practice.tests.AllTests.valid(AllTests.java:134)
at java.base/jdk.internal.reflect.NativeMethodAccessorImpl.invoke0(Native Method)
at java.base/jdk.internal.reflect.NativeMethodAccessorImpl.invoke(NativeMethodAccessorImpl.java:64)
at java.base/jdk.internal.reflect.DelegatingMethodAccessorImpl.invoke(DelegatingMethodAccessorImpl.java:43)
at java.base/java.lang.reflect.Method.invoke(Method.java:564)
at org.testng.internal.MethodInvocationHelper.invokeMethod(MethodInvocationHelper.java:132)
at org.testng.internal.TestInvoker.invokeMethod(TestInvoker.java:599)
at org.testng.internal.TestInvoker.invokeTestMethod(TestInvoker.java:174)
at org.testng.internal.MethodRunner.runInSequence(MethodRunner.java:46)
at org.testng.internal.TestInvoker$MethodInvocationAgent.invoke(TestInvoker.java:822)
at org.testng.internal.TestInvoker.invokeTestMethods(TestInvoker.java:147)
at org.testng.internal.TestMethodWorker.invokeTestMethods(TestMethodWorker.java:146)
at org.testng.internal.TestMethodWorker.run(TestMethodWorker.java:128)
at java.base/java.util.ArrayList.forEach(ArrayList.java:1511)
at org.testng.TestRunner.privateRun(TestRunner.java:764)
at org.testng.TestRunner.run(TestRunner.java:585)
at org.testng.SuiteRunner.runTest(SuiteRunner.java:384)
at org.testng.SuiteRunner.runSequentially(SuiteRunner.java:378)
at org.testng.SuiteRunner.privateRun(SuiteRunner.java:337)
at org.testng.SuiteRunner.run(SuiteRunner.java:286)
at org.testng.SuiteRunnerWorker.runSuite(SuiteRunnerWorker.java:53)
at org.testng.SuiteRunnerWorker.run(SuiteRunnerWorker.java:96)
at org.testng.TestNG.runSuitesSequentially(TestNG.java:1218)
at org.testng.TestNG.runSuitesLocally(TestNG.java:1140)
at org.testng.TestNG.runSuites(TestNG.java:1069)
at org.testng.TestNG.run(TestNG.java:1037)
at org.testng.remote.AbstractRemoteTestNG.run(AbstractRemoteTestNG.java:115)
at org.testng.remote.RemoteTestNG.initAndRun(RemoteTestNG.java:251)
at org.testng.remote.RemoteTestNG.main(RemoteTestNG.java:77)
]]>
            </full-stacktrace>
          </exception> <!-- java.lang.AssertionError -->
          <reporter-output>
          </reporter-output>
        </test-method> <!-- valid -->
        <test-method is-config="true" signature="logout()[pri:0, instance:com.practice.tests.AllTests@152aa092]" started-at="2021-03-26T10:11:46 IST" name="logout" finished-at="2021-03-26T10:11:46 IST" duration-ms="0" status="PASS">
          <reporter-output>
          </reporter-output>
        </test-method> <!-- logout -->
        <test-method signature="verify()[pri:0, instance:com.practice.tests.AllTests@152aa092]" started-at="2021-03-26T10:11:46 IST" name="verify" finished-at="2021-03-26T10:11:46 IST" duration-ms="32" status="PASS">
          <reporter-output>
          </reporter-output>
        </test-method> <!-- verify -->
        <test-method is-config="true" signature="login()[pri:0, instance:com.practice.tests.AllTests@152aa092]" started-at="2021-03-26T10:11:46 IST" name="login" finished-at="2021-03-26T10:11:46 IST" duration-ms="0" status="PASS">
          <reporter-output>
          </reporter-output>
        </test-method> <!-- login -->
        <test-method is-config="true" signature="logout()[pri:0, instance:com.practice.tests.AllTests@152aa092]" started-at="2021-03-26T10:11:46 IST" name="logout" finished-at="2021-03-26T10:11:46 IST" duration-ms="1" status="PASS">
          <reporter-output>
          </reporter-output>
        </test-method> <!-- logout -->
      </class> <!-- com.practice.tests.AllTests -->
    </test> <!-- Default test -->
  </suite> <!-- Default suite -->
</testng-results>
